[Sun Mar 13 2022] [INFO] Listening on port 3000!
[Sun Mar 13 2022] [HTTP] GET / 42.876 ms
[Sun Mar 13 2022] [HTTP] GET /favicon.ico 4.495 ms
[Sun Mar 13 2022] [HTTP] POST /users 172.238 ms
[Sun Mar 13 2022] [HTTP] POST /users 119.054 ms
[Sun Mar 13 2022] [HTTP] POST /users 2.199 ms
[Sun Mar 13 2022] [HTTP] POST /specialist 3.786 ms
[Sun Mar 13 2022] [HTTP] POST /users 81.761 ms
[Sun Mar 13 2022] [HTTP] POST /users 65.225 ms
[Sun Mar 13 2022] [HTTP] POST /users 60.669 ms
[Sun Mar 13 2022] [ERROR] SEQUELIZE ERROR:  column "name" of relation "specialists" does not exist
[Sun Mar 13 2022] [HTTP] POST /specialists 131.634 ms
[Sun Mar 13 2022] [HTTP] POST /users 79.844 ms
[Sun Mar 13 2022] [HTTP] POST /users 70.080 ms
[Sun Mar 13 2022] [HTTP] POST /users 60.561 ms
[Sun Mar 13 2022] [HTTP] POST /specialists 7.865 ms
[Sun Mar 13 2022] [HTTP] POST /users 80.949 ms
[Sun Mar 13 2022] [HTTP] POST /users 69.761 ms
[Sun Mar 13 2022] [HTTP] POST /users 64.318 ms
[Sun Mar 13 2022] [HTTP] POST /specialists 3.800 ms
[Sun Mar 13 2022] [HTTP] POST /users 96.416 ms
[Sun Mar 13 2022] [HTTP] POST /users 75.422 ms
[Sun Mar 13 2022] [HTTP] POST /users 75.552 ms
[Sun Mar 13 2022] [INFO] Listening on port 3000!
[Sun Mar 13 2022] [HTTP] GET / 1.469 ms
[Sun Mar 13 2022] [ERROR] SEQUELIZE ERROR:  relation "users" does not exist
[Sun Mar 13 2022] [HTTP] GET /users 68.352 ms
[Sun Mar 13 2022] [ERROR] SEQUELIZE ERROR:  relation "users" does not exist
[Sun Mar 13 2022] [ERROR] SEQUELIZE ERROR:  relation "users" does not exist
[Sun Mar 13 2022] [HTTP] POST /users 380.781 ms
[Sun Mar 13 2022] [ERROR] SEQUELIZE ERROR:  relation "users" does not exist
[Sun Mar 13 2022] [HTTP] GET /users 6.115 ms
[Sun Mar 13 2022] [HTTP] POST /users 130.730 ms
[Sun Mar 13 2022] [HTTP] GET /users 1.027 ms
[Sun Mar 13 2022] [HTTP] POST /users 74.536 ms
[Sun Mar 13 2022] [HTTP] GET /users 1.247 ms
[Sun Mar 13 2022] [HTTP] POST /specialists 6.716 ms
[Sun Mar 13 2022] [HTTP] POST /users 90.151 ms
[Sun Mar 13 2022] [HTTP] POST /users 71.155 ms
[Sun Mar 13 2022] [HTTP] POST /users 69.582 ms
[Sun Mar 13 2022] [INFO] Listening on port 5000!
[Sun Mar 13 2022] [HTTP] GET /socket.io/?EIO=4&transport=polling&t=N-3CSlJ 2.973 ms
[Sun Mar 13 2022] [HTTP] GET /socket.io/?EIO=4&transport=polling&t=N-3CSwN 1.088 ms
[Sun Mar 13 2022] [HTTP] GET /socket.io/?EIO=4&transport=polling&t=N-3CTCX 0.869 ms
[Sun Mar 13 2022] [HTTP] GET /socket.io/?EIO=4&transport=polling&t=N-3CUQm 0.821 ms
[Sun Mar 13 2022] [HTTP] GET /socket.io/?EIO=4&transport=polling&t=N-3CUt9 0.422 ms
[Sun Mar 13 2022] [HTTP] GET /socket.io/?EIO=4&transport=polling&t=N-3CV4r 0.572 ms
[Sun Mar 13 2022] [HTTP] GET /socket.io/?EIO=4&transport=polling&t=N-3CVf1 0.407 ms
[Sun Mar 13 2022] [HTTP] GET /socket.io/?EIO=4&transport=polling&t=N-3CVj8 0.587 ms
[Sun Mar 13 2022] [HTTP] GET /socket.io/?EIO=4&transport=polling&t=N-3CWnC 0.598 ms
[Sun Mar 13 2022] [HTTP] GET /socket.io/?EIO=4&transport=polling&t=N-3CWtJ 0.556 ms
[Sun Mar 13 2022] [HTTP] GET /socket.io/?EIO=4&transport=polling&t=N-3CX_Q 0.451 ms
[Sun Mar 13 2022] [HTTP] GET /socket.io/?EIO=4&transport=polling&t=N-3CY8v 0.799 ms
[Sun Mar 13 2022] [HTTP] GET /socket.io/?EIO=4&transport=polling&t=N-3CZDf 0.714 ms
[Sun Mar 13 2022] [HTTP] GET /socket.io/?EIO=4&transport=polling&t=N-3CZNE 0.354 ms
[Sun Mar 13 2022] [HTTP] GET /socket.io/?EIO=4&transport=polling&t=N-3CaRv 0.471 ms
[Sun Mar 13 2022] [HTTP] GET /socket.io/?EIO=4&transport=polling&t=N-3CabT 0.280 ms
[Sun Mar 13 2022] [HTTP] GET /socket.io/?EIO=4&transport=polling&t=N-3Cbg7 0.416 ms
[Sun Mar 13 2022] [HTTP] GET /socket.io/?EIO=4&transport=polling&t=N-3CcuK 0.641 ms
[Sun Mar 13 2022] [HTTP] GET /socket.io/?EIO=4&transport=polling&t=N-3Ce6b 0.538 ms
[Sun Mar 13 2022] [HTTP] GET /socket.io/?EIO=4&transport=polling&t=N-3CfKr 0.494 ms
[Sun Mar 13 2022] [HTTP] GET /socket.io/?EIO=4&transport=polling&t=N-3CgZ7 0.537 ms
[Sun Mar 13 2022] [HTTP] GET /socket.io/?EIO=4&transport=polling&t=N-3ChnM 0.499 ms
[Sun Mar 13 2022] [HTTP] GET /socket.io/?EIO=4&transport=polling&t=N-3Ci_a 0.492 ms
[Sun Mar 13 2022] [HTTP] GET /socket.io/?EIO=4&transport=polling&t=N-3CkDp 0.434 ms
[Sun Mar 13 2022] [HTTP] GET /socket.io/?EIO=4&transport=polling&t=N-3ClTE 0.357 ms
[Sun Mar 13 2022] [HTTP] GET /socket.io/?EIO=4&transport=polling&t=N-3CmhS 0.406 ms
[Sun Mar 13 2022] [HTTP] GET /socket.io/?EIO=4&transport=polling&t=N-3Cnvi 0.325 ms
[Sun Mar 13 2022] [INFO] Listening on port 5000!
[Sun Mar 13 2022] [HTTP] GET /socket.io/?EIO=4&transport=polling&t=N-3Cu0e 5.387 ms
[Sun Mar 13 2022] [HTTP] GET /socket.io/?EIO=4&transport=polling&t=N-3CvF7 1.528 ms
[Sun Mar 13 2022] [HTTP] GET /socket.io/?EIO=4&transport=polling&t=N-3CwTO 1.365 ms
[Sun Mar 13 2022] [HTTP] GET /socket.io/?EIO=4&transport=polling&t=N-3Cxhg 0.787 ms
[Sun Mar 13 2022] [HTTP] GET /socket.io/?EIO=4&transport=polling&t=N-3Cyw8 0.750 ms
[Sun Mar 13 2022] [HTTP] GET /socket.io/?EIO=4&transport=polling&t=N-3C-8v 0.462 ms
[Sun Mar 13 2022] [HTTP] GET /socket.io/?EIO=4&transport=polling&t=N-3C_NN 0.675 ms
[Sun Mar 13 2022] [HTTP] GET /socket.io/?EIO=4&transport=polling&t=N-3D0c4 0.363 ms
[Sun Mar 13 2022] [HTTP] GET /socket.io/?EIO=4&transport=polling&t=N-3D1qI 0.920 ms
[Sun Mar 13 2022] [INFO] Listening on port 5000!
[Sun Mar 13 2022] [HTTP] GET /socket.io/?EIO=4&transport=polling&t=N-3DocA 2.432 ms
[Sun Mar 13 2022] [HTTP] GET /socket.io/?EIO=4&transport=polling&t=N-3Dp3q 0.769 ms
[Sun Mar 13 2022] [HTTP] GET /socket.io/?EIO=4&transport=polling&t=N-3DpHR 0.437 ms
[Sun Mar 13 2022] [HTTP] GET /socket.io/?EIO=4&transport=polling&t=N-3Dps5 0.417 ms
[Sun Mar 13 2022] [HTTP] GET /socket.io/?EIO=4&transport=polling&t=N-3Dr4J 0.704 ms
[Sun Mar 13 2022] [HTTP] GET /socket.io/?EIO=4&transport=polling&t=N-3Ds9h 0.835 ms
[Sun Mar 13 2022] [HTTP] GET /socket.io/?EIO=4&transport=polling&t=N-3DtN- 0.513 ms
[Sun Mar 13 2022] [HTTP] GET /socket.io/?EIO=4&transport=polling&t=N-3Duab 0.534 ms
[Sun Mar 13 2022] [HTTP] GET /socket.io/?EIO=4&transport=polling&t=N-3DusA 1.351 ms
[Sun Mar 13 2022] [HTTP] GET /socket.io/?EIO=4&transport=polling&t=N-3DvaT 0.926 ms
[Sun Mar 13 2022] [HTTP] GET /socket.io/?EIO=4&transport=polling&t=N-3DvoX 0.489 ms
[Sun Mar 13 2022] [HTTP] GET /socket.io/?EIO=4&transport=polling&t=N-3Dw4T 0.658 ms
[Sun Mar 13 2022] [HTTP] GET /socket.io/?EIO=4&transport=polling&t=N-3DwT4 0.635 ms
[Sun Mar 13 2022] [HTTP] GET /socket.io/?EIO=4&transport=polling&t=N-3DxhI 0.747 ms
[Sun Mar 13 2022] [INFO] Listening on port 5000!
